app/build/intermediates/manifest_merge_blame_file/debug/manifest-merger-blame-debug-report.txt
1<?xml version="1.0" encoding="utf-8"?>
2<manifest xmlns:android="http://schemas.android.com/apk/res/android"
3    package="com.example.angel1"
4    android:versionCode="1"
5    android:versionName="1.0" >
6
7    <uses-sdk
8        android:minSdkVersion="22"
8-->src/main/AndroidManifest.xml
9        android:targetSdkVersion="33" />
9-->src/main/AndroidManifest.xml
10
11    <uses-permission android:name="android.permission.ACCESS_NETWORK_STATE" />
11-->[com.firebaseui:firebase-ui-auth:8.0.2] AndroidManifest.xml:10:5-79
11-->[com.firebaseui:firebase-ui-auth:8.0.2] AndroidManifest.xml:10:22-76
12    <uses-permission android:name="android.permission.INTERNET" /> <!-- Used to check if a browser is available before launching phone auth -->
12-->[com.firebaseui:firebase-ui-auth:8.0.2] AndroidManifest.xml:11:5-67
12-->[com.firebaseui:firebase-ui-auth:8.0.2] AndroidManifest.xml:11:22-64
13    <!-- See ui/phone/PhoneNumberVerificationHandler.isBrowserAvailable() -->
14    <queries>
14-->[com.firebaseui:firebase-ui-auth:8.0.2] AndroidManifest.xml:15:5-23:15
15        <intent>
15-->[com.firebaseui:firebase-ui-auth:8.0.2] AndroidManifest.xml:16:9-22:18
16            <action android:name="android.intent.action.VIEW" />
16-->[com.firebaseui:firebase-ui-auth:8.0.2] AndroidManifest.xml:17:13-65
16-->[com.firebaseui:firebase-ui-auth:8.0.2] AndroidManifest.xml:17:21-62
17
18            <category android:name="android.intent.category.BROWSABLE" />
18-->[com.firebaseui:firebase-ui-auth:8.0.2] AndroidManifest.xml:19:13-74
18-->[com.firebaseui:firebase-ui-auth:8.0.2] AndroidManifest.xml:19:23-71
19
20            <data android:scheme="http" />
20-->[com.firebaseui:firebase-ui-auth:8.0.2] AndroidManifest.xml:21:13-43
20-->[com.firebaseui:firebase-ui-auth:8.0.2] AndroidManifest.xml:21:19-40
21        </intent>
22    </queries>
23
24    <uses-permission android:name="android.permission.WAKE_LOCK" />
24-->[com.google.android.gms:play-services-measurement-api:21.1.1] AndroidManifest.xml:24:5-68
24-->[com.google.android.gms:play-services-measurement-api:21.1.1] AndroidManifest.xml:24:22-65
25    <uses-permission android:name="com.google.android.gms.permission.AD_ID" />
25-->[com.google.android.gms:play-services-measurement-api:21.1.1] AndroidManifest.xml:25:5-79
25-->[com.google.android.gms:play-services-measurement-api:21.1.1] AndroidManifest.xml:25:22-76
26    <uses-permission android:name="com.google.android.finsky.permission.BIND_GET_INSTALL_REFERRER_SERVICE" />
26-->[com.google.android.gms:play-services-measurement:21.1.1] AndroidManifest.xml:26:5-110
26-->[com.google.android.gms:play-services-measurement:21.1.1] AndroidManifest.xml:26:22-107
27
28    <permission
28-->[androidx.core:core:1.9.0] AndroidManifest.xml:22:5-24:47
29        android:name="com.example.angel1.DYNAMIC_RECEIVER_NOT_EXPORTED_PERMISSION"
29-->[androidx.core:core:1.9.0] AndroidManifest.xml:23:9-81
30        android:protectionLevel="signature" />
30-->[androidx.core:core:1.9.0] AndroidManifest.xml:24:9-44
31
32    <uses-permission android:name="com.example.angel1.DYNAMIC_RECEIVER_NOT_EXPORTED_PERMISSION" />
32-->[androidx.core:core:1.9.0] AndroidManifest.xml:26:5-97
32-->[androidx.core:core:1.9.0] AndroidManifest.xml:26:22-94
33
34    <application
34-->src/main/AndroidManifest.xml:5:5-71:19
35        android:allowBackup="true"
35-->src/main/AndroidManifest.xml:6:9-35
36        android:appComponentFactory="androidx.core.app.CoreComponentFactory"
36-->[androidx.core:core:1.9.0] AndroidManifest.xml:28:18-86
37        android:dataExtractionRules="@xml/data_extraction_rules"
37-->src/main/AndroidManifest.xml:7:9-65
38        android:debuggable="true"
39        android:fullBackupContent="@xml/backup_rules"
39-->src/main/AndroidManifest.xml:8:9-54
40        android:icon="@mipmap/ic_launcher"
40-->src/main/AndroidManifest.xml:9:9-43
41        android:label="@string/app_name"
41-->src/main/AndroidManifest.xml:10:9-41
42        android:supportsRtl="true"
42-->src/main/AndroidManifest.xml:11:9-35
43        android:testOnly="true"
44        android:theme="@style/Theme.Angel1" >
44-->src/main/AndroidManifest.xml:12:9-44
45        <activity
45-->src/main/AndroidManifest.xml:14:9-16:40
46            android:name="com.example.angel1.ProfActivity"
46-->src/main/AndroidManifest.xml:15:13-41
47            android:exported="false" />
47-->src/main/AndroidManifest.xml:16:13-37
48        <activity
48-->src/main/AndroidManifest.xml:17:9-20:63
49            android:name="com.example.angel1.Student.MoreUserDetails"
49-->src/main/AndroidManifest.xml:18:13-52
50            android:exported="false"
50-->src/main/AndroidManifest.xml:19:13-37
51            android:theme="@style/Theme.Angel1.NoActionBar" />
51-->src/main/AndroidManifest.xml:20:13-60
52        <activity
52-->src/main/AndroidManifest.xml:21:9-24:63
53            android:name="com.example.angel1.Student.EditProfile"
53-->src/main/AndroidManifest.xml:22:13-48
54            android:exported="false"
54-->src/main/AndroidManifest.xml:23:13-37
55            android:theme="@style/Theme.Angel1.NoActionBar" />
55-->src/main/AndroidManifest.xml:24:13-60
56        <activity
56-->src/main/AndroidManifest.xml:25:9-28:63
57            android:name="com.example.angel1.Student.Help"
57-->src/main/AndroidManifest.xml:26:13-41
58            android:exported="false"
58-->src/main/AndroidManifest.xml:27:13-37
59            android:theme="@style/Theme.Angel1.NoActionBar" />
59-->src/main/AndroidManifest.xml:28:13-60
60        <activity
60-->src/main/AndroidManifest.xml:29:9-38:20
61            android:name="com.example.angel1.Activities.SplashActivity"
61-->src/main/AndroidManifest.xml:30:13-54
62            android:exported="true"
62-->src/main/AndroidManifest.xml:31:13-36
63            android:theme="@style/Theme.Angel1.NoActionBar" >
63-->src/main/AndroidManifest.xml:32:13-60
64            <intent-filter>
64-->src/main/AndroidManifest.xml:33:13-37:29
65                <action android:name="android.intent.action.MAIN" />
65-->src/main/AndroidManifest.xml:34:17-69
65-->src/main/AndroidManifest.xml:34:25-66
66
67                <category android:name="android.intent.category.LAUNCHER" />
67-->src/main/AndroidManifest.xml:36:17-77
67-->src/main/AndroidManifest.xml:36:27-74
68            </intent-filter>
69        </activity>
70        <activity
70-->src/main/AndroidManifest.xml:39:9-42:63
71            android:name="com.example.angel1.Student.ApplicationActivity"
71-->src/main/AndroidManifest.xml:40:13-56
72            android:exported="false"
72-->src/main/AndroidManifest.xml:41:13-37
73            android:theme="@style/Theme.Angel1.NoActionBar" />
73-->src/main/AndroidManifest.xml:42:13-60
74        <activity
74-->src/main/AndroidManifest.xml:43:9-46:63
75            android:name="com.example.angel1.Student.ProfileActivity"
75-->src/main/AndroidManifest.xml:44:13-52
76            android:exported="false"
76-->src/main/AndroidManifest.xml:45:13-37
77            android:theme="@style/Theme.Angel1.NoActionBar" />
77-->src/main/AndroidManifest.xml:46:13-60
78        <activity
78-->src/main/AndroidManifest.xml:47:9-50:63
79            android:name="com.example.angel1.Sponsor.CreateScholarshipActivity"
79-->src/main/AndroidManifest.xml:48:13-62
80            android:exported="false"
80-->src/main/AndroidManifest.xml:49:13-37
81            android:theme="@style/Theme.Angel1.NoActionBar" />
81-->src/main/AndroidManifest.xml:50:13-60
82        <activity
82-->src/main/AndroidManifest.xml:51:9-55:63
83            android:name="com.example.angel1.Student.StudentDash"
83-->src/main/AndroidManifest.xml:52:13-48
84            android:exported="false"
84-->src/main/AndroidManifest.xml:53:13-37
85            android:label="@string/title_activity_student_dash"
85-->src/main/AndroidManifest.xml:54:13-64
86            android:theme="@style/Theme.Angel1.NoActionBar" />
86-->src/main/AndroidManifest.xml:55:13-60
87        <activity
87-->src/main/AndroidManifest.xml:56:9-59:63
88            android:name="com.example.angel1.Auth.RegisterActivity"
88-->src/main/AndroidManifest.xml:57:13-50
89            android:exported="false"
89-->src/main/AndroidManifest.xml:58:13-37
90            android:theme="@style/Theme.Angel1.NoActionBar" />
90-->src/main/AndroidManifest.xml:59:13-60
91        <activity
91-->src/main/AndroidManifest.xml:60:9-63:63
92            android:name="com.example.angel1.Auth.LoginActivity"
92-->src/main/AndroidManifest.xml:61:13-47
93            android:exported="true"
93-->src/main/AndroidManifest.xml:62:13-36
94            android:theme="@style/Theme.Angel1.NoActionBar" />
94-->src/main/AndroidManifest.xml:63:13-60
95        <activity
95-->src/main/AndroidManifest.xml:64:9-66:39
96            android:name="com.example.angel1.Sponsor.MainActivity"
96-->src/main/AndroidManifest.xml:65:13-49
97            android:exported="true" />
97-->src/main/AndroidManifest.xml:66:13-36
98
99        <meta-data
99-->src/main/AndroidManifest.xml:68:9-70:57
100            android:name="preloaded_fonts"
100-->src/main/AndroidManifest.xml:69:13-43
101            android:resource="@array/preloaded_fonts" />
101-->src/main/AndroidManifest.xml:70:13-54
102        <meta-data
102-->[com.firebaseui:firebase-ui-auth:8.0.2] AndroidManifest.xml:26:9-28:69
103            android:name="com.google.android.gms.version"
103-->[com.firebaseui:firebase-ui-auth:8.0.2] AndroidManifest.xml:27:13-58
104            android:value="@integer/google_play_services_version" />
104-->[com.firebaseui:firebase-ui-auth:8.0.2] AndroidManifest.xml:28:13-66
105        <meta-data
105-->[com.firebaseui:firebase-ui-auth:8.0.2] AndroidManifest.xml:29:9-31:63
106            android:name="com.facebook.sdk.ApplicationId"
106-->[com.firebaseui:firebase-ui-auth:8.0.2] AndroidManifest.xml:30:13-58
107            android:value="@string/facebook_application_id" />
107-->[com.firebaseui:firebase-ui-auth:8.0.2] AndroidManifest.xml:31:13-60
108
109        <activity
109-->[com.firebaseui:firebase-ui-auth:8.0.2] AndroidManifest.xml:33:9-37:61
110            android:name="com.firebase.ui.auth.KickoffActivity"
110-->[com.firebaseui:firebase-ui-auth:8.0.2] AndroidManifest.xml:34:13-64
111            android:exported="false"
111-->[com.firebaseui:firebase-ui-auth:8.0.2] AndroidManifest.xml:35:13-37
112            android:label=""
112-->[com.firebaseui:firebase-ui-auth:8.0.2] AndroidManifest.xml:36:13-29
113            android:theme="@style/FirebaseUI.Transparent" />
113-->[com.firebaseui:firebase-ui-auth:8.0.2] AndroidManifest.xml:37:13-58
114        <activity
114-->[com.firebaseui:firebase-ui-auth:8.0.2] AndroidManifest.xml:38:9-42:61
115            android:name="com.firebase.ui.auth.ui.idp.SingleSignInActivity"
115-->[com.firebaseui:firebase-ui-auth:8.0.2] AndroidManifest.xml:39:13-76
116            android:exported="false"
116-->[com.firebaseui:firebase-ui-auth:8.0.2] AndroidManifest.xml:40:13-37
117            android:label=""
117-->[com.firebaseui:firebase-ui-auth:8.0.2] AndroidManifest.xml:41:13-29
118            android:theme="@style/FirebaseUI.Transparent" />
118-->[com.firebaseui:firebase-ui-auth:8.0.2] AndroidManifest.xml:42:13-58
119        <activity
119-->[com.firebaseui:firebase-ui-auth:8.0.2] AndroidManifest.xml:43:9-47:61
120            android:name="com.firebase.ui.auth.ui.credentials.CredentialSaveActivity"
120-->[com.firebaseui:firebase-ui-auth:8.0.2] AndroidManifest.xml:44:13-86
121            android:exported="false"
121-->[com.firebaseui:firebase-ui-auth:8.0.2] AndroidManifest.xml:45:13-37
122            android:label=""
122-->[com.firebaseui:firebase-ui-auth:8.0.2] AndroidManifest.xml:46:13-29
123            android:theme="@style/FirebaseUI.Transparent" />
123-->[com.firebaseui:firebase-ui-auth:8.0.2] AndroidManifest.xml:47:13-58
124        <activity
124-->[com.firebaseui:firebase-ui-auth:8.0.2] AndroidManifest.xml:48:9-52:58
125            android:name="com.firebase.ui.auth.ui.email.RecoverPasswordActivity"
125-->[com.firebaseui:firebase-ui-auth:8.0.2] AndroidManifest.xml:49:13-81
126            android:exported="false"
126-->[com.firebaseui:firebase-ui-auth:8.0.2] AndroidManifest.xml:50:13-37
127            android:label="@string/fui_title_recover_password_activity"
127-->[com.firebaseui:firebase-ui-auth:8.0.2] AndroidManifest.xml:51:13-72
128            android:windowSoftInputMode="adjustResize" />
128-->[com.firebaseui:firebase-ui-auth:8.0.2] AndroidManifest.xml:52:13-55
129        <activity
129-->[com.firebaseui:firebase-ui-auth:8.0.2] AndroidManifest.xml:53:9-57:58
130            android:name="com.firebase.ui.auth.ui.email.EmailActivity"
130-->[com.firebaseui:firebase-ui-auth:8.0.2] AndroidManifest.xml:54:13-71
131            android:exported="false"
131-->[com.firebaseui:firebase-ui-auth:8.0.2] AndroidManifest.xml:55:13-37
132            android:label="@string/fui_sign_in_default"
132-->[com.firebaseui:firebase-ui-auth:8.0.2] AndroidManifest.xml:56:13-56
133            android:windowSoftInputMode="adjustResize" />
133-->[com.firebaseui:firebase-ui-auth:8.0.2] AndroidManifest.xml:57:13-55
134        <activity
134-->[com.firebaseui:firebase-ui-auth:8.0.2] AndroidManifest.xml:58:9-62:77
135            android:name="com.firebase.ui.auth.ui.phone.PhoneActivity"
135-->[com.firebaseui:firebase-ui-auth:8.0.2] AndroidManifest.xml:59:13-71
136            android:exported="false"
136-->[com.firebaseui:firebase-ui-auth:8.0.2] AndroidManifest.xml:60:13-37
137            android:label="@string/fui_sign_in_with_phone_number"
137-->[com.firebaseui:firebase-ui-auth:8.0.2] AndroidManifest.xml:61:13-66
138            android:windowSoftInputMode="adjustResize|stateAlwaysVisible" />
138-->[com.firebaseui:firebase-ui-auth:8.0.2] AndroidManifest.xml:62:13-74
139        <activity
139-->[com.firebaseui:firebase-ui-auth:8.0.2] AndroidManifest.xml:63:9-67:58
140            android:name="com.firebase.ui.auth.ui.idp.WelcomeBackIdpPrompt"
140-->[com.firebaseui:firebase-ui-auth:8.0.2] AndroidManifest.xml:64:13-76
141            android:exported="false"
141-->[com.firebaseui:firebase-ui-auth:8.0.2] AndroidManifest.xml:65:13-37
142            android:label="@string/fui_title_welcome_back_idp_prompt"
142-->[com.firebaseui:firebase-ui-auth:8.0.2] AndroidManifest.xml:66:13-70
143            android:windowSoftInputMode="adjustResize" />
143-->[com.firebaseui:firebase-ui-auth:8.0.2] AndroidManifest.xml:67:13-55
144        <activity
144-->[com.firebaseui:firebase-ui-auth:8.0.2] AndroidManifest.xml:68:9-72:58
145            android:name="com.firebase.ui.auth.ui.email.WelcomeBackPasswordPrompt"
145-->[com.firebaseui:firebase-ui-auth:8.0.2] AndroidManifest.xml:69:13-83
146            android:exported="false"
146-->[com.firebaseui:firebase-ui-auth:8.0.2] AndroidManifest.xml:70:13-37
147            android:label="@string/fui_title_welcome_back_password_prompt"
147-->[com.firebaseui:firebase-ui-auth:8.0.2] AndroidManifest.xml:71:13-75
148            android:windowSoftInputMode="adjustResize" />
148-->[com.firebaseui:firebase-ui-auth:8.0.2] AndroidManifest.xml:72:13-55
149        <activity
149-->[com.firebaseui:firebase-ui-auth:8.0.2] AndroidManifest.xml:73:9-77:58
150            android:name="com.firebase.ui.auth.ui.email.WelcomeBackEmailLinkPrompt"
150-->[com.firebaseui:firebase-ui-auth:8.0.2] AndroidManifest.xml:74:13-84
151            android:exported="false"
151-->[com.firebaseui:firebase-ui-auth:8.0.2] AndroidManifest.xml:75:13-37
152            android:label="@string/fui_title_welcome_back_password_prompt"
152-->[com.firebaseui:firebase-ui-auth:8.0.2] AndroidManifest.xml:76:13-75
153            android:windowSoftInputMode="adjustResize" />
153-->[com.firebaseui:firebase-ui-auth:8.0.2] AndroidManifest.xml:77:13-55
154        <activity
154-->[com.firebaseui:firebase-ui-auth:8.0.2] AndroidManifest.xml:78:9-83:58
155            android:name="com.firebase.ui.auth.ui.email.EmailLinkCatcherActivity"
155-->[com.firebaseui:firebase-ui-auth:8.0.2] AndroidManifest.xml:79:13-82
156            android:exported="false"
156-->[com.firebaseui:firebase-ui-auth:8.0.2] AndroidManifest.xml:80:13-37
157            android:label=""
157-->[com.firebaseui:firebase-ui-auth:8.0.2] AndroidManifest.xml:81:13-29
158            android:theme="@style/FirebaseUI.Transparent"
158-->[com.firebaseui:firebase-ui-auth:8.0.2] AndroidManifest.xml:82:13-58
159            android:windowSoftInputMode="adjustResize" />
159-->[com.firebaseui:firebase-ui-auth:8.0.2] AndroidManifest.xml:83:13-55
160        <activity
160-->[com.firebaseui:firebase-ui-auth:8.0.2] AndroidManifest.xml:84:9-88:58
161            android:name="com.firebase.ui.auth.ui.email.EmailLinkErrorRecoveryActivity"
161-->[com.firebaseui:firebase-ui-auth:8.0.2] AndroidManifest.xml:85:13-88
162            android:exported="false"
162-->[com.firebaseui:firebase-ui-auth:8.0.2] AndroidManifest.xml:86:13-37
163            android:label="@string/fui_sign_in_default"
163-->[com.firebaseui:firebase-ui-auth:8.0.2] AndroidManifest.xml:87:13-56
164            android:windowSoftInputMode="adjustResize" />
164-->[com.firebaseui:firebase-ui-auth:8.0.2] AndroidManifest.xml:88:13-55
165        <activity
165-->[com.firebaseui:firebase-ui-auth:8.0.2] AndroidManifest.xml:89:9-92:65
166            android:name="com.firebase.ui.auth.ui.idp.AuthMethodPickerActivity"
166-->[com.firebaseui:firebase-ui-auth:8.0.2] AndroidManifest.xml:90:13-80
167            android:exported="false"
167-->[com.firebaseui:firebase-ui-auth:8.0.2] AndroidManifest.xml:91:13-37
168            android:label="@string/fui_default_toolbar_title" />
168-->[com.firebaseui:firebase-ui-auth:8.0.2] AndroidManifest.xml:92:13-62
169        <activity
169-->[com.firebaseui:firebase-ui-auth:8.0.2] AndroidManifest.xml:93:9-97:48
170            android:name="com.facebook.FacebookActivity"
170-->[com.firebaseui:firebase-ui-auth:8.0.2] AndroidManifest.xml:94:13-57
171            android:configChanges="keyboard|keyboardHidden|screenLayout|screenSize|orientation"
171-->[com.firebaseui:firebase-ui-auth:8.0.2] AndroidManifest.xml:95:13-96
172            android:label="@string/app_name" />
172-->[com.firebaseui:firebase-ui-auth:8.0.2] AndroidManifest.xml:96:13-45
173        <activity
173-->[com.firebaseui:firebase-ui-auth:8.0.2] AndroidManifest.xml:98:9-110:20
174            android:name="com.facebook.CustomTabActivity"
174-->[com.firebaseui:firebase-ui-auth:8.0.2] AndroidManifest.xml:99:13-58
175            android:exported="true" >
175-->[com.firebaseui:firebase-ui-auth:8.0.2] AndroidManifest.xml:100:13-36
176            <intent-filter>
176-->[com.firebaseui:firebase-ui-auth:8.0.2] AndroidManifest.xml:102:13-109:29
177                <action android:name="android.intent.action.VIEW" />
177-->[com.firebaseui:firebase-ui-auth:8.0.2] AndroidManifest.xml:17:13-65
177-->[com.firebaseui:firebase-ui-auth:8.0.2] AndroidManifest.xml:17:21-62
178
179                <category android:name="android.intent.category.DEFAULT" />
179-->[com.firebaseui:firebase-ui-auth:8.0.2] AndroidManifest.xml:105:17-76
179-->[com.firebaseui:firebase-ui-auth:8.0.2] AndroidManifest.xml:105:27-73
180                <category android:name="android.intent.category.BROWSABLE" />
180-->[com.firebaseui:firebase-ui-auth:8.0.2] AndroidManifest.xml:19:13-74
180-->[com.firebaseui:firebase-ui-auth:8.0.2] AndroidManifest.xml:19:23-71
181
182                <data android:scheme="@string/facebook_login_protocol_scheme" />
182-->[com.firebaseui:firebase-ui-auth:8.0.2] AndroidManifest.xml:21:13-43
182-->[com.firebaseui:firebase-ui-auth:8.0.2] AndroidManifest.xml:21:19-40
183            </intent-filter>
184        </activity>
185
186        <provider
186-->[com.firebaseui:firebase-ui-auth:8.0.2] AndroidManifest.xml:112:9-116:38
187            android:name="com.firebase.ui.auth.data.client.AuthUiInitProvider"
187-->[com.firebaseui:firebase-ui-auth:8.0.2] AndroidManifest.xml:113:13-79
188            android:authorities="com.example.angel1.authuiinitprovider"
188-->[com.firebaseui:firebase-ui-auth:8.0.2] AndroidManifest.xml:114:13-70
189            android:exported="false"
189-->[com.firebaseui:firebase-ui-auth:8.0.2] AndroidManifest.xml:115:13-37
190            android:initOrder="90" />
190-->[com.firebaseui:firebase-ui-auth:8.0.2] AndroidManifest.xml:116:13-35
191
192        <activity
192-->[com.google.firebase:firebase-auth:21.0.3] AndroidManifest.xml:27:9-44:20
193            android:name="com.google.firebase.auth.internal.GenericIdpActivity"
193-->[com.google.firebase:firebase-auth:21.0.3] AndroidManifest.xml:28:13-80
194            android:excludeFromRecents="true"
194-->[com.google.firebase:firebase-auth:21.0.3] AndroidManifest.xml:29:13-46
195            android:exported="true"
195-->[com.google.firebase:firebase-auth:21.0.3] AndroidManifest.xml:30:13-36
196            android:launchMode="singleTask"
196-->[com.google.firebase:firebase-auth:21.0.3] AndroidManifest.xml:31:13-44
197            android:theme="@android:style/Theme.Translucent.NoTitleBar" >
197-->[com.google.firebase:firebase-auth:21.0.3] AndroidManifest.xml:32:13-72
198            <intent-filter>
198-->[com.google.firebase:firebase-auth:21.0.3] AndroidManifest.xml:33:13-43:29
199                <action android:name="android.intent.action.VIEW" />
199-->[com.firebaseui:firebase-ui-auth:8.0.2] AndroidManifest.xml:17:13-65
199-->[com.firebaseui:firebase-ui-auth:8.0.2] AndroidManifest.xml:17:21-62
200
201                <category android:name="android.intent.category.DEFAULT" />
201-->[com.firebaseui:firebase-ui-auth:8.0.2] AndroidManifest.xml:105:17-76
201-->[com.firebaseui:firebase-ui-auth:8.0.2] AndroidManifest.xml:105:27-73
202                <category android:name="android.intent.category.BROWSABLE" />
202-->[com.firebaseui:firebase-ui-auth:8.0.2] AndroidManifest.xml:19:13-74
202-->[com.firebaseui:firebase-ui-auth:8.0.2] AndroidManifest.xml:19:23-71
203
204                <data
204-->[com.firebaseui:firebase-ui-auth:8.0.2] AndroidManifest.xml:21:13-43
205                    android:host="firebase.auth"
206                    android:path="/"
207                    android:scheme="genericidp" />
207-->[com.firebaseui:firebase-ui-auth:8.0.2] AndroidManifest.xml:21:19-40
208            </intent-filter>
209        </activity>
210        <activity
210-->[com.google.firebase:firebase-auth:21.0.3] AndroidManifest.xml:45:9-62:20
211            android:name="com.google.firebase.auth.internal.RecaptchaActivity"
211-->[com.google.firebase:firebase-auth:21.0.3] AndroidManifest.xml:46:13-79
212            android:excludeFromRecents="true"
212-->[com.google.firebase:firebase-auth:21.0.3] AndroidManifest.xml:47:13-46
213            android:exported="true"
213-->[com.google.firebase:firebase-auth:21.0.3] AndroidManifest.xml:48:13-36
214            android:launchMode="singleTask"
214-->[com.google.firebase:firebase-auth:21.0.3] AndroidManifest.xml:49:13-44
215            android:theme="@android:style/Theme.Translucent.NoTitleBar" >
215-->[com.google.firebase:firebase-auth:21.0.3] AndroidManifest.xml:50:13-72
216            <intent-filter>
216-->[com.google.firebase:firebase-auth:21.0.3] AndroidManifest.xml:51:13-61:29
217                <action android:name="android.intent.action.VIEW" />
217-->[com.firebaseui:firebase-ui-auth:8.0.2] AndroidManifest.xml:17:13-65
217-->[com.firebaseui:firebase-ui-auth:8.0.2] AndroidManifest.xml:17:21-62
218
219                <category android:name="android.intent.category.DEFAULT" />
219-->[com.firebaseui:firebase-ui-auth:8.0.2] AndroidManifest.xml:105:17-76
219-->[com.firebaseui:firebase-ui-auth:8.0.2] AndroidManifest.xml:105:27-73
220                <category android:name="android.intent.category.BROWSABLE" />
220-->[com.firebaseui:firebase-ui-auth:8.0.2] AndroidManifest.xml:19:13-74
220-->[com.firebaseui:firebase-ui-auth:8.0.2] AndroidManifest.xml:19:23-71
221
222                <data
222-->[com.firebaseui:firebase-ui-auth:8.0.2] AndroidManifest.xml:21:13-43
223                    android:host="firebase.auth"
224                    android:path="/"
225                    android:scheme="recaptcha" />
225-->[com.firebaseui:firebase-ui-auth:8.0.2] AndroidManifest.xml:21:19-40
226            </intent-filter>
227        </activity>
228
229        <service
229-->[com.google.firebase:firebase-auth:21.0.3] AndroidManifest.xml:64:9-70:19
230            android:name="com.google.firebase.components.ComponentDiscoveryService"
230-->[com.google.firebase:firebase-auth:21.0.3] AndroidManifest.xml:65:13-84
231            android:directBootAware="true"
231-->[com.google.firebase:firebase-common:20.2.0] AndroidManifest.xml:34:13-43
232            android:exported="false" >
232-->[com.google.firebase:firebase-auth:21.0.3] AndroidManifest.xml:66:13-37
233            <meta-data
233-->[com.google.firebase:firebase-auth:21.0.3] AndroidManifest.xml:67:13-69:85
234                android:name="com.google.firebase.components:com.google.firebase.auth.FirebaseAuthRegistrar"
234-->[com.google.firebase:firebase-auth:21.0.3] AndroidManifest.xml:68:17-109
235                android:value="com.google.firebase.components.ComponentRegistrar" />
235-->[com.google.firebase:firebase-auth:21.0.3] AndroidManifest.xml:69:17-82
236            <meta-data
236-->[com.google.firebase:firebase-storage:20.0.1] AndroidManifest.xml:33:13-35:85
237                android:name="com.google.firebase.components:com.google.firebase.storage.StorageRegistrar"
237-->[com.google.firebase:firebase-storage:20.0.1] AndroidManifest.xml:34:17-107
238                android:value="com.google.firebase.components.ComponentRegistrar" />
238-->[com.google.firebase:firebase-storage:20.0.1] AndroidManifest.xml:35:17-82
239            <meta-data
239-->[com.google.firebase:firebase-firestore:24.1.1] AndroidManifest.xml:20:13-22:85
240                android:name="com.google.firebase.components:com.google.firebase.firestore.FirestoreRegistrar"
240-->[com.google.firebase:firebase-firestore:24.1.1] AndroidManifest.xml:21:17-111
241                android:value="com.google.firebase.components.ComponentRegistrar" />
241-->[com.google.firebase:firebase-firestore:24.1.1] AndroidManifest.xml:22:17-82
242            <meta-data
242-->[com.google.firebase:firebase-database:20.1.0] AndroidManifest.xml:31:13-33:85
243                android:name="com.google.firebase.components:com.google.firebase.database.DatabaseRegistrar"
243-->[com.google.firebase:firebase-database:20.1.0] AndroidManifest.xml:32:17-109
244                android:value="com.google.firebase.components.ComponentRegistrar" />
244-->[com.google.firebase:firebase-database:20.1.0] AndroidManifest.xml:33:17-82
245            <meta-data
245-->[com.google.android.gms:play-services-measurement-api:21.1.1] AndroidManifest.xml:31:13-33:85
246                android:name="com.google.firebase.components:com.google.firebase.analytics.connector.internal.AnalyticsConnectorRegistrar"
246-->[com.google.android.gms:play-services-measurement-api:21.1.1] AndroidManifest.xml:32:17-139
247                android:value="com.google.firebase.components.ComponentRegistrar" />
247-->[com.google.android.gms:play-services-measurement-api:21.1.1] AndroidManifest.xml:33:17-82
248            <meta-data
248-->[com.google.firebase:firebase-installations:17.0.1] AndroidManifest.xml:18:13-20:85
249                android:name="com.google.firebase.components:com.google.firebase.installations.FirebaseInstallationsRegistrar"
249-->[com.google.firebase:firebase-installations:17.0.1] AndroidManifest.xml:19:17-127
250                android:value="com.google.firebase.components.ComponentRegistrar" />
250-->[com.google.firebase:firebase-installations:17.0.1] AndroidManifest.xml:20:17-82
251        </service>
252
253        <activity
253-->[com.google.android.gms:play-services-auth:20.3.0] AndroidManifest.xml:23:9-27:75
254            android:name="com.google.android.gms.auth.api.signin.internal.SignInHubActivity"
254-->[com.google.android.gms:play-services-auth:20.3.0] AndroidManifest.xml:24:13-93
255            android:excludeFromRecents="true"
255-->[com.google.android.gms:play-services-auth:20.3.0] AndroidManifest.xml:25:13-46
256            android:exported="false"
256-->[com.google.android.gms:play-services-auth:20.3.0] AndroidManifest.xml:26:13-37
257            android:theme="@android:style/Theme.Translucent.NoTitleBar" />
257-->[com.google.android.gms:play-services-auth:20.3.0] AndroidManifest.xml:27:13-72
258        <!--
259            Service handling Google Sign-In user revocation. For apps that do not integrate with
260            Google Sign-In, this service will never be started.
261        -->
262        <service
262-->[com.google.android.gms:play-services-auth:20.3.0] AndroidManifest.xml:33:9-37:51
263            android:name="com.google.android.gms.auth.api.signin.RevocationBoundService"
263-->[com.google.android.gms:play-services-auth:20.3.0] AndroidManifest.xml:34:13-89
264            android:exported="true"
264-->[com.google.android.gms:play-services-auth:20.3.0] AndroidManifest.xml:35:13-36
265            android:permission="com.google.android.gms.auth.api.signin.permission.REVOCATION_NOTIFICATION"
265-->[com.google.android.gms:play-services-auth:20.3.0] AndroidManifest.xml:36:13-107
266            android:visibleToInstantApps="true" />
266-->[com.google.android.gms:play-services-auth:20.3.0] AndroidManifest.xml:37:13-48
267
268        <activity
268-->[com.google.android.gms:play-services-base:18.0.1] AndroidManifest.xml:20:9-22:45
269            android:name="com.google.android.gms.common.api.GoogleApiActivity"
269-->[com.google.android.gms:play-services-base:18.0.1] AndroidManifest.xml:20:19-85
270            android:exported="false"
270-->[com.google.android.gms:play-services-base:18.0.1] AndroidManifest.xml:22:19-43
271            android:theme="@android:style/Theme.Translucent.NoTitleBar" />
271-->[com.google.android.gms:play-services-base:18.0.1] AndroidManifest.xml:21:19-78
272
273        <provider
273-->[com.google.firebase:firebase-common:20.2.0] AndroidManifest.xml:25:9-30:39